# Logfile created on Thu Oct 22 20:23:38 -0400 2009  [4;36;1mSQL (0.2ms)[0m   [0;1mSET SQL_AUTO_IS_NULL=0[0m
  [4;35;1mSQL (376.5ms)[0m   [0mSHOW TABLES[0m
  [4;36;1mSQL (0.5ms)[0m   [0;1mSHOW TABLES[0m
  [4;35;1mSQL (0.3ms)[0m   [0mSHOW TABLES[0m
  [4;36;1mSQL (69.9ms)[0m   [0;1mCREATE TABLE `schema_migrations` (`version` varchar(255) NOT NULL) ENGINE=InnoDB[0m
  [4;35;1mSQL (246.8ms)[0m   [0mCREATE UNIQUE INDEX `unique_schema_migrations` ON `schema_migrations` (`version`)[0m
  [4;36;1mSQL (0.5ms)[0m   [0;1mSHOW TABLES[0m
  [4;35;1mSQL (0.4ms)[0m   [0mSELECT version FROM schema_migrations[0m
Migrating to CreateRadiantTables (1)
  [4;36;1mSQL (0.4ms)[0m   [0;1mSHOW TABLES[0m
  [4;35;1mSQL (66.9ms)[0m   [0mCREATE TABLE `config` (`id` int(11) DEFAULT NULL auto_increment PRIMARY KEY, `key` varchar(40) DEFAULT '' NOT NULL, `value` varchar(255) DEFAULT '') ENGINE=InnoDB[0m
  [4;36;1mSQL (124.5ms)[0m   [0;1mCREATE UNIQUE INDEX `key` ON `config` (`key`)[0m
  [4;35;1mSQL (0.8ms)[0m   [0mSHOW TABLES[0m
  [4;36;1mSQL (63.6ms)[0m   [0;1mCREATE TABLE `pages` (`id` int(11) DEFAULT NULL auto_increment PRIMARY KEY, `title` varchar(255), `slug` varchar(100), `breadcrumb` varchar(160), `behavior` varchar(25), `status_id` int(11) DEFAULT 1 NOT NULL, `parent_id` int(11), `layout_id` int(11), `created_at` datetime, `updated_at` datetime, `published_at` datetime, `created_by` int(11), `updated_by` int(11)) ENGINE=InnoDB[0m
  [4;35;1mSQL (0.6ms)[0m   [0mSHOW TABLES[0m
  [4;36;1mSQL (106.9ms)[0m   [0;1mCREATE TABLE `page_parts` (`id` int(11) DEFAULT NULL auto_increment PRIMARY KEY, `name` varchar(100), `filter` varchar(25), `content` text, `page_id` int(11)) ENGINE=InnoDB[0m
  [4;35;1mSQL (0.7ms)[0m   [0mSHOW TABLES[0m
  [4;36;1mSQL (106.7ms)[0m   [0;1mCREATE TABLE `snippets` (`id` int(11) DEFAULT NULL auto_increment PRIMARY KEY, `name` varchar(100) DEFAULT '' NOT NULL, `filter` varchar(25), `content` text, `created_at` datetime, `updated_at` datetime, `created_by` int(11), `updated_by` int(11)) ENGINE=InnoDB[0m
  [4;35;1mSQL (112.3ms)[0m   [0mCREATE UNIQUE INDEX `name` ON `snippets` (`name`)[0m
  [4;36;1mSQL (0.7ms)[0m   [0;1mSHOW TABLES[0m
  [4;35;1mSQL (103.0ms)[0m   [0mCREATE TABLE `layouts` (`id` int(11) DEFAULT NULL auto_increment PRIMARY KEY, `name` varchar(100), `content` text, `created_at` datetime, `updated_at` datetime, `created_by` int(11), `updated_by` int(11)) ENGINE=InnoDB[0m
  [4;36;1mSQL (0.8ms)[0m   [0;1mSHOW TABLES[0m
  [4;35;1mSQL (94.3ms)[0m   [0mCREATE TABLE `users` (`id` int(11) DEFAULT NULL auto_increment PRIMARY KEY, `name` varchar(100), `email` varchar(255), `login` varchar(40) DEFAULT '' NOT NULL, `password` varchar(40), `admin` tinyint DEFAULT 0 NOT NULL, `developer` tinyint DEFAULT 0 NOT NULL, `created_at` datetime, `updated_at` datetime, `created_by` int(11), `updated_by` int(11)) ENGINE=InnoDB[0m
  [4;36;1mSQL (102.3ms)[0m   [0;1mCREATE UNIQUE INDEX `login` ON `users` (`login`)[0m
  [4;35;1mSQL (1.0ms)[0m   [0mINSERT INTO schema_migrations (version) VALUES ('1')[0m
Migrating to InsertInitialData (2)
  [4;36;1mSQL (0.8ms)[0m   [0;1mINSERT INTO schema_migrations (version) VALUES ('2')[0m
Migrating to RenameBehaviorColumn (3)
  [4;35;1mSQL (2.1ms)[0m   [0mSHOW FIELDS FROM `pages`[0m
  [4;36;1mSQL (1.4ms)[0m   [0;1mSHOW COLUMNS FROM `pages` LIKE 'behavior'[0m
  [4;35;1mSQL (87.1ms)[0m   [0mALTER TABLE `pages` CHANGE `behavior` `behavior_id` varchar(25) DEFAULT NULL[0m
  [4;36;1mSQL (0.8ms)[0m   [0;1mINSERT INTO schema_migrations (version) VALUES ('3')[0m
Migrating to RenameFilterColumn (4)
  [4;35;1mSQL (2.3ms)[0m   [0mSHOW FIELDS FROM `page_parts`[0m
  [4;36;1mSQL (1.3ms)[0m   [0;1mSHOW COLUMNS FROM `page_parts` LIKE 'filter'[0m
  [4;35;1mSQL (79.6ms)[0m   [0mALTER TABLE `page_parts` CHANGE `filter` `filter_id` varchar(25) DEFAULT NULL[0m
  [4;36;1mSQL (2.5ms)[0m   [0;1mSHOW FIELDS FROM `snippets`[0m
  [4;35;1mSQL (1.4ms)[0m   [0mSHOW COLUMNS FROM `snippets` LIKE 'filter'[0m
  [4;36;1mSQL (114.1ms)[0m   [0;1mALTER TABLE `snippets` CHANGE `filter` `filter_id` varchar(25) DEFAULT NULL[0m
  [4;35;1mSQL (0.7ms)[0m   [0mINSERT INTO schema_migrations (version) VALUES ('4')[0m
Migrating to AddVirtualColumnToPage (5)
  [4;36;1mSQL (96.5ms)[0m   [0;1mALTER TABLE `pages` ADD `virtual` tinyint(1) DEFAULT 0 NOT NULL[0m
  [4;35;1mSQL (0.9ms)[0m   [0mINSERT INTO schema_migrations (version) VALUES ('5')[0m
Migrating to IntegerColumnsToBoolean (6)
  [4;36;1mUser Load (0.5ms)[0m   [0;1mSELECT * FROM `users` ORDER BY name[0m
  [4;35;1mSQL (133.6ms)[0m   [0mALTER TABLE `users` DROP `admin`[0m
  [4;36;1mSQL (101.4ms)[0m   [0;1mALTER TABLE `users` ADD `admin` tinyint(1) DEFAULT 0 NOT NULL[0m
  [4;35;1mUser Load (0.6ms)[0m   [0mSELECT * FROM `users` ORDER BY name[0m
  [4;36;1mSQL (94.4ms)[0m   [0;1mALTER TABLE `users` DROP `developer`[0m
  [4;35;1mSQL (100.1ms)[0m   [0mALTER TABLE `users` ADD `developer` tinyint(1) DEFAULT 0 NOT NULL[0m
  [4;36;1mSQL (0.9ms)[0m   [0;1mINSERT INTO schema_migrations (version) VALUES ('6')[0m
Migrating to RemoveVirtualColumnFromPage (7)
  [4;35;1mSQL (82.4ms)[0m   [0mALTER TABLE `pages` DROP `virtual`[0m
  [4;36;1mSQL (0.8ms)[0m   [0;1mINSERT INTO schema_migrations (version) VALUES ('7')[0m
Migrating to AddVirtualColumnToPageAgain (8)
  [4;35;1mSQL (83.0ms)[0m   [0mALTER TABLE `pages` ADD `virtual` tinyint(1) DEFAULT 0 NOT NULL[0m
  [4;36;1mSQL (0.7ms)[0m   [0;1mINSERT INTO schema_migrations (version) VALUES ('8')[0m
Migrating to AddContentTypeFieldToLayout (9)
  [4;35;1mSQL (82.7ms)[0m   [0mALTER TABLE `layouts` ADD `content_type` varchar(40)[0m
  [4;36;1mSQL (0.9ms)[0m   [0;1mINSERT INTO schema_migrations (version) VALUES ('9')[0m
Migrating to MergeBehaviorsAndPages (10)
  [4;35;1mMergeBehaviorsAndPages::OldPage Load (0.5ms)[0m   [0mSELECT * FROM `pages` [0m
  [4;36;1mSQL (2.0ms)[0m   [0;1mSHOW FIELDS FROM `pages`[0m
  [4;35;1mSQL (1.4ms)[0m   [0mSHOW COLUMNS FROM `pages` LIKE 'behavior_id'[0m
  [4;36;1mSQL (83.3ms)[0m   [0;1mALTER TABLE `pages` CHANGE `behavior_id` `type` varchar(25) DEFAULT NULL[0m
  [4;35;1mSQL (0.8ms)[0m   [0mINSERT INTO schema_migrations (version) VALUES ('10')[0m
Migrating to RenameTypeColumnOnPageToClassName (11)
  [4;36;1mSQL (1.9ms)[0m   [0;1mSHOW FIELDS FROM `pages`[0m
  [4;35;1mSQL (1.3ms)[0m   [0mSHOW COLUMNS FROM `pages` LIKE 'type'[0m
  [4;36;1mSQL (91.1ms)[0m   [0;1mALTER TABLE `pages` CHANGE `type` `class_name` varchar(25) DEFAULT NULL[0m
  [4;35;1mSQL (0.8ms)[0m   [0mINSERT INTO schema_migrations (version) VALUES ('11')[0m
Migrating to CreateExtensionMeta (12)
  [4;36;1mSQL (0.7ms)[0m   [0;1mSHOW TABLES[0m
  [4;35;1mSQL (89.8ms)[0m   [0mCREATE TABLE `extension_meta` (`id` int(11) DEFAULT NULL auto_increment PRIMARY KEY, `name` varchar(255), `schema_version` int(11) DEFAULT 0, `enabled` tinyint(1) DEFAULT 1) ENGINE=InnoDB[0m
  [4;36;1mSQL (0.8ms)[0m   [0;1mINSERT INTO schema_migrations (version) VALUES ('12')[0m
Migrating to AddNotesFieldToUser (13)
  [4;35;1mSQL (120.1ms)[0m   [0mALTER TABLE `users` ADD `notes` text[0m
  [4;36;1mSQL (0.9ms)[0m   [0;1mINSERT INTO schema_migrations (version) VALUES ('13')[0m
Migrating to RenameConfigDefaultPartsKey (14)
  [4;35;1mRadiant::Config Columns (1.8ms)[0m   [0mSHOW FIELDS FROM `config`[0m
  [4;36;1mRadiant::Config Load (14.8ms)[0m   [0;1mSELECT * FROM `config` WHERE (`config`.`key` = 'default.parts') LIMIT 1[0m
  [4;35;1mSQL (1.3ms)[0m   [0mINSERT INTO schema_migrations (version) VALUES ('14')[0m
Migrating to AddOptimisticLocking (15)
  [4;36;1mSQL (101.2ms)[0m   [0;1mALTER TABLE `pages` ADD `lock_version` int(11) DEFAULT 0[0m
  [4;35;1mSQL (120.5ms)[0m   [0mALTER TABLE `layouts` ADD `lock_version` int(11) DEFAULT 0[0m
  [4;36;1mSQL (97.4ms)[0m   [0;1mALTER TABLE `snippets` ADD `lock_version` int(11) DEFAULT 0[0m
  [4;35;1mSQL (110.9ms)[0m   [0mALTER TABLE `users` ADD `lock_version` int(11) DEFAULT 0[0m
  [4;36;1mSQL (0.8ms)[0m   [0;1mINSERT INTO schema_migrations (version) VALUES ('15')[0m
Migrating to AddSessions (16)
  [4;35;1mSQL (88.8ms)[0m   [0mCREATE TABLE `sessions` (`id` int(11) DEFAULT NULL auto_increment PRIMARY KEY, `session_id` varchar(255), `data` text, `updated_at` datetime) ENGINE=InnoDB[0m
  [4;36;1mSQL (124.1ms)[0m   [0;1mCREATE INDEX `index_sessions_on_session_id` ON `sessions` (`session_id`)[0m
  [4;35;1mSQL (110.3ms)[0m   [0mCREATE INDEX `index_sessions_on_updated_at` ON `sessions` (`updated_at`)[0m
  [4;36;1mSQL (0.8ms)[0m   [0;1mINSERT INTO schema_migrations (version) VALUES ('16')[0m
Migrating to RenameCreatedByUpdatedByColumns (17)
  [4;35;1mSQL (2.8ms)[0m   [0mSHOW FIELDS FROM `pages`[0m
  [4;36;1mSQL (1.3ms)[0m   [0;1mSHOW COLUMNS FROM `pages` LIKE 'created_by'[0m
  [4;35;1mSQL (83.9ms)[0m   [0mALTER TABLE `pages` CHANGE `created_by` `created_by_id` int(11) DEFAULT NULL[0m
  [4;36;1mSQL (2.9ms)[0m   [0;1mSHOW FIELDS FROM `pages`[0m
  [4;35;1mSQL (2.0ms)[0m   [0mSHOW COLUMNS FROM `pages` LIKE 'updated_by'[0m
  [4;36;1mSQL (101.4ms)[0m   [0;1mALTER TABLE `pages` CHANGE `updated_by` `updated_by_id` int(11) DEFAULT NULL[0m
  [4;35;1mSQL (2.8ms)[0m   [0mSHOW FIELDS FROM `snippets`[0m
  [4;36;1mSQL (1.5ms)[0m   [0;1mSHOW COLUMNS FROM `snippets` LIKE 'created_by'[0m
  [4;35;1mSQL (113.8ms)[0m   [0mALTER TABLE `snippets` CHANGE `created_by` `created_by_id` int(11) DEFAULT NULL[0m
  [4;36;1mSQL (2.0ms)[0m   [0;1mSHOW FIELDS FROM `snippets`[0m
  [4;35;1mSQL (1.4ms)[0m   [0mSHOW COLUMNS FROM `snippets` LIKE 'updated_by'[0m
  [4;36;1mSQL (92.9ms)[0m   [0;1mALTER TABLE `snippets` CHANGE `updated_by` `updated_by_id` int(11) DEFAULT NULL[0m
  [4;35;1mSQL (2.2ms)[0m   [0mSHOW FIELDS FROM `layouts`[0m
  [4;36;1mSQL (1.5ms)[0m   [0;1mSHOW COLUMNS FROM `layouts` LIKE 'created_by'[0m
  [4;35;1mSQL (93.4ms)[0m   [0mALTER TABLE `layouts` CHANGE `created_by` `created_by_id` int(11) DEFAULT NULL[0m
  [4;36;1mSQL (2.1ms)[0m   [0;1mSHOW FIELDS FROM `layouts`[0m
  [4;35;1mSQL (1.4ms)[0m   [0mSHOW COLUMNS FROM `layouts` LIKE 'updated_by'[0m
  [4;36;1mSQL (92.5ms)[0m   [0;1mALTER TABLE `layouts` CHANGE `updated_by` `updated_by_id` int(11) DEFAULT NULL[0m
  [4;35;1mSQL (2.7ms)[0m   [0mSHOW FIELDS FROM `users`[0m
  [4;36;1mSQL (1.4ms)[0m   [0;1mSHOW COLUMNS FROM `users` LIKE 'created_by'[0m
  [4;35;1mSQL (91.8ms)[0m   [0mALTER TABLE `users` CHANGE `created_by` `created_by_id` int(11) DEFAULT NULL[0m
  [4;36;1mSQL (2.1ms)[0m   [0;1mSHOW FIELDS FROM `users`[0m
  [4;35;1mSQL (1.4ms)[0m   [0mSHOW COLUMNS FROM `users` LIKE 'updated_by'[0m
  [4;36;1mSQL (92.8ms)[0m   [0;1mALTER TABLE `users` CHANGE `updated_by` `updated_by_id` int(11) DEFAULT NULL[0m
  [4;35;1mSQL (0.9ms)[0m   [0mINSERT INTO schema_migrations (version) VALUES ('17')[0m
Migrating to AddDescriptionAndKeywordsToPages (18)
  [4;36;1mSQL (141.9ms)[0m   [0;1mALTER TABLE `pages` ADD `description` varchar(255)[0m
  [4;35;1mSQL (86.8ms)[0m   [0mALTER TABLE `pages` ADD `keywords` varchar(255)[0m
  [4;36;1mSQL (0.7ms)[0m   [0;1mINSERT INTO schema_migrations (version) VALUES ('18')[0m
Migrating to AddSaltToUsers (19)
  [4;35;1mSQL (105.3ms)[0m   [0mALTER TABLE `users` ADD `salt` varchar(255)[0m
  [4;36;1mUser Update (0.6ms)[0m   [0;1mUPDATE `users` SET `salt` = 'sweet harmonious biscuits' [0m
  [4;35;1mSQL (0.8ms)[0m   [0mINSERT INTO schema_migrations (version) VALUES ('19')[0m
Migrating to AddSessionInfoToUsers (20)
  [4;36;1mSQL (101.9ms)[0m   [0;1mALTER TABLE `users` ADD `session_token` varchar(255)[0m
  [4;35;1mSQL (98.6ms)[0m   [0mALTER TABLE `users` ADD `session_expire` datetime[0m
  [4;36;1mSQL (1.0ms)[0m   [0;1mINSERT INTO schema_migrations (version) VALUES ('20')[0m
Migrating to RemoveSessionExpireFromUsers (21)
  [4;35;1mSQL (104.4ms)[0m   [0mALTER TABLE `users` DROP `session_expire`[0m
  [4;36;1mSQL (1.0ms)[0m   [0;1mINSERT INTO schema_migrations (version) VALUES ('21')[0m
Migrating to AddIndexes (20081203140407)
  [4;35;1mSQL (94.5ms)[0m   [0mCREATE INDEX `pages_class_name` ON `pages` (`class_name`)[0m
  [4;36;1mSQL (110.5ms)[0m   [0;1mCREATE INDEX `pages_parent_id` ON `pages` (`parent_id`)[0m
  [4;35;1mSQL (120.5ms)[0m   [0mCREATE INDEX `pages_child_slug` ON `pages` (`slug`, `parent_id`)[0m
  [4;36;1mSQL (109.6ms)[0m   [0;1mCREATE INDEX `pages_published` ON `pages` (`virtual`, `status_id`)[0m
  [4;35;1mSQL (109.7ms)[0m   [0mCREATE INDEX `parts_by_page` ON `page_parts` (`page_id`, `name`)[0m
  [4;36;1mSQL (0.8ms)[0m   [0;1mINSERT INTO schema_migrations (version) VALUES ('20081203140407')[0m
  [4;35;1mSQL (0.9ms)[0m   [0mSHOW TABLES[0m
  [4;36;1mSQL (0.6ms)[0m   [0;1mSHOW TABLES[0m
  [4;35;1mSQL (0.2ms)[0m   [0mSELECT version FROM schema_migrations[0m
  [4;36;1mSQL (0.5ms)[0m   [0;1mSHOW TABLES[0m
  [4;35;1mSQL (1.4ms)[0m   [0mSHOW FIELDS FROM `config`[0m
  [4;36;1mSQL (1.4ms)[0m   [0;1mdescribe `config`[0m
  [4;35;1mSQL (0.3ms)[0m   [0mSHOW KEYS FROM `config`[0m
  [4;36;1mSQL (1.5ms)[0m   [0;1mSHOW FIELDS FROM `extension_meta`[0m
  [4;35;1mSQL (1.5ms)[0m   [0mdescribe `extension_meta`[0m
  [4;36;1mSQL (0.3ms)[0m   [0;1mSHOW KEYS FROM `extension_meta`[0m
  [4;35;1mSQL (1.6ms)[0m   [0mSHOW FIELDS FROM `layouts`[0m
  [4;36;1mSQL (1.5ms)[0m   [0;1mdescribe `layouts`[0m
  [4;35;1mSQL (0.3ms)[0m   [0mSHOW KEYS FROM `layouts`[0m
  [4;36;1mSQL (1.3ms)[0m   [0;1mSHOW FIELDS FROM `page_parts`[0m
  [4;35;1mSQL (1.4ms)[0m   [0mdescribe `page_parts`[0m
  [4;36;1mSQL (0.3ms)[0m   [0;1mSHOW KEYS FROM `page_parts`[0m
  [4;35;1mSQL (1.9ms)[0m   [0mSHOW FIELDS FROM `pages`[0m
  [4;36;1mSQL (1.9ms)[0m   [0;1mdescribe `pages`[0m
  [4;35;1mSQL (0.4ms)[0m   [0mSHOW KEYS FROM `pages`[0m
  [4;36;1mSQL (1.5ms)[0m   [0;1mSHOW FIELDS FROM `sessions`[0m
  [4;35;1mSQL (1.3ms)[0m   [0mdescribe `sessions`[0m
  [4;36;1mSQL (0.3ms)[0m   [0;1mSHOW KEYS FROM `sessions`[0m
  [4;35;1mSQL (1.2ms)[0m   [0mSHOW FIELDS FROM `snippets`[0m
  [4;36;1mSQL (1.5ms)[0m   [0;1mdescribe `snippets`[0m
  [4;35;1mSQL (0.3ms)[0m   [0mSHOW KEYS FROM `snippets`[0m
  [4;36;1mSQL (1.9ms)[0m   [0;1mSHOW FIELDS FROM `users`[0m
  [4;35;1mSQL (2.0ms)[0m   [0mdescribe `users`[0m
  [4;36;1mSQL (0.3ms)[0m   [0;1mSHOW KEYS FROM `users`[0m
  [4;35;1mSQL (0.6ms)[0m   [0mSHOW TABLES[0m
  [4;36;1mSQL (0.2ms)[0m   [0;1mSELECT version FROM schema_migrations[0m
  [4;35;1mSQL (0.5ms)[0m   [0mSHOW TABLES[0m
  [4;36;1mSQL (1.4ms)[0m   [0;1mSHOW FIELDS FROM `config`[0m
  [4;35;1mSQL (1.3ms)[0m   [0mdescribe `config`[0m
  [4;36;1mSQL (0.3ms)[0m   [0;1mSHOW KEYS FROM `config`[0m
  [4;35;1mSQL (1.4ms)[0m   [0mSHOW FIELDS FROM `extension_meta`[0m
  [4;36;1mSQL (1.1ms)[0m   [0;1mdescribe `extension_meta`[0m
  [4;35;1mSQL (0.3ms)[0m   [0mSHOW KEYS FROM `extension_meta`[0m
  [4;36;1mSQL (1.5ms)[0m   [0;1mSHOW FIELDS FROM `layouts`[0m
  [4;35;1mSQL (1.5ms)[0m   [0mdescribe `layouts`[0m
  [4;36;1mSQL (0.3ms)[0m   [0;1mSHOW KEYS FROM `layouts`[0m
  [4;35;1mSQL (1.4ms)[0m   [0mSHOW FIELDS FROM `page_parts`[0m
  [4;36;1mSQL (1.5ms)[0m   [0;1mdescribe `page_parts`[0m
  [4;35;1mSQL (0.3ms)[0m   [0mSHOW KEYS FROM `page_parts`[0m
  [4;36;1mSQL (1.8ms)[0m   [0;1mSHOW FIELDS FROM `pages`[0m
  [4;35;1mSQL (1.5ms)[0m   [0mdescribe `pages`[0m
  [4;36;1mSQL (0.4ms)[0m   [0;1mSHOW KEYS FROM `pages`[0m
  [4;35;1mSQL (1.3ms)[0m   [0mSHOW FIELDS FROM `sessions`[0m
  [4;36;1mSQL (1.3ms)[0m   [0;1mdescribe `sessions`[0m
  [4;35;1mSQL (0.3ms)[0m   [0mSHOW KEYS FROM `sessions`[0m
  [4;36;1mSQL (1.6ms)[0m   [0;1mSHOW FIELDS FROM `snippets`[0m
  [4;35;1mSQL (1.5ms)[0m   [0mdescribe `snippets`[0m
  [4;36;1mSQL (0.4ms)[0m   [0;1mSHOW KEYS FROM `snippets`[0m
  [4;35;1mSQL (1.7ms)[0m   [0mSHOW FIELDS FROM `users`[0m
  [4;36;1mSQL (1.7ms)[0m   [0;1mdescribe `users`[0m
  [4;35;1mSQL (0.3ms)[0m   [0mSHOW KEYS FROM `users`[0m
  [4;36;1mSQL (0.5ms)[0m   [0;1mSHOW TABLES[0m
  [4;35;1mSQL (0.3ms)[0m   [0mSELECT version FROM schema_migrations[0m
Migrating to CreateRadiantTables (1)
Migrating to InsertInitialData (2)
Migrating to RenameBehaviorColumn (3)
Migrating to RenameFilterColumn (4)
Migrating to AddVirtualColumnToPage (5)
Migrating to IntegerColumnsToBoolean (6)
Migrating to RemoveVirtualColumnFromPage (7)
Migrating to AddVirtualColumnToPageAgain (8)
Migrating to AddContentTypeFieldToLayout (9)
Migrating to MergeBehaviorsAndPages (10)
Migrating to RenameTypeColumnOnPageToClassName (11)
Migrating to CreateExtensionMeta (12)
Migrating to AddNotesFieldToUser (13)
Migrating to RenameConfigDefaultPartsKey (14)
Migrating to AddOptimisticLocking (15)
Migrating to AddSessions (16)
Migrating to RenameCreatedByUpdatedByColumns (17)
Migrating to AddDescriptionAndKeywordsToPages (18)
Migrating to AddSaltToUsers (19)
Migrating to AddSessionInfoToUsers (20)
Migrating to RemoveSessionExpireFromUsers (21)
Migrating to AddIndexes (20081203140407)
  [4;36;1mSQL (0.6ms)[0m   [0;1mSHOW TABLES[0m
  [4;35;1mSQL (0.2ms)[0m   [0mSELECT version FROM schema_migrations[0m
  [4;36;1mSQL (0.5ms)[0m   [0;1mSHOW TABLES[0m
  [4;35;1mSQL (1.4ms)[0m   [0mSHOW FIELDS FROM `config`[0m
  [4;36;1mSQL (1.3ms)[0m   [0;1mdescribe `config`[0m
  [4;35;1mSQL (0.3ms)[0m   [0mSHOW KEYS FROM `config`[0m
  [4;36;1mSQL (1.3ms)[0m   [0;1mSHOW FIELDS FROM `extension_meta`[0m
  [4;35;1mSQL (1.6ms)[0m   [0mdescribe `extension_meta`[0m
  [4;36;1mSQL (0.3ms)[0m   [0;1mSHOW KEYS FROM `extension_meta`[0m
  [4;35;1mSQL (1.5ms)[0m   [0mSHOW FIELDS FROM `layouts`[0m
  [4;36;1mSQL (1.5ms)[0m   [0;1mdescribe `layouts`[0m
  [4;35;1mSQL (0.3ms)[0m   [0mSHOW KEYS FROM `layouts`[0m
  [4;36;1mSQL (1.6ms)[0m   [0;1mSHOW FIELDS FROM `page_parts`[0m
  [4;35;1mSQL (1.4ms)[0m   [0mdescribe `page_parts`[0m
  [4;36;1mSQL (0.3ms)[0m   [0;1mSHOW KEYS FROM `page_parts`[0m
  [4;35;1mSQL (1.8ms)[0m   [0mSHOW FIELDS FROM `pages`[0m
  [4;36;1mSQL (1.9ms)[0m   [0;1mdescribe `pages`[0m
  [4;35;1mSQL (0.4ms)[0m   [0mSHOW KEYS FROM `pages`[0m
  [4;36;1mSQL (1.4ms)[0m   [0;1mSHOW FIELDS FROM `sessions`[0m
  [4;35;1mSQL (1.4ms)[0m   [0mdescribe `sessions`[0m
  [4;36;1mSQL (0.3ms)[0m   [0;1mSHOW KEYS FROM `sessions`[0m
  [4;35;1mSQL (1.5ms)[0m   [0mSHOW FIELDS FROM `snippets`[0m
  [4;36;1mSQL (1.3ms)[0m   [0;1mdescribe `snippets`[0m
  [4;35;1mSQL (0.3ms)[0m   [0mSHOW KEYS FROM `snippets`[0m
  [4;36;1mSQL (1.7ms)[0m   [0;1mSHOW FIELDS FROM `users`[0m
  [4;35;1mSQL (1.7ms)[0m   [0mdescribe `users`[0m
  [4;36;1mSQL (0.3ms)[0m   [0;1mSHOW KEYS FROM `users`[0m
  [4;35;1mSQL (0.8ms)[0m   [0mSHOW TABLES[0m
  [4;36;1mSQL (0.2ms)[0m   [0;1mSELECT version FROM schema_migrations[0m
  [4;35;1mSQL (0.5ms)[0m   [0mSHOW TABLES[0m
  [4;36;1mSQL (1.4ms)[0m   [0;1mSHOW FIELDS FROM `config`[0m
  [4;35;1mSQL (1.3ms)[0m   [0mdescribe `config`[0m
  [4;36;1mSQL (0.3ms)[0m   [0;1mSHOW KEYS FROM `config`[0m
  [4;35;1mSQL (1.4ms)[0m   [0mSHOW FIELDS FROM `extension_meta`[0m
  [4;36;1mSQL (1.3ms)[0m   [0;1mdescribe `extension_meta`[0m
  [4;35;1mSQL (0.2ms)[0m   [0mSHOW KEYS FROM `extension_meta`[0m
  [4;36;1mSQL (1.4ms)[0m   [0;1mSHOW FIELDS FROM `layouts`[0m
  [4;35;1mSQL (1.5ms)[0m   [0mdescribe `layouts`[0m
  [4;36;1mSQL (0.2ms)[0m   [0;1mSHOW KEYS FROM `layouts`[0m
  [4;35;1mSQL (1.4ms)[0m   [0mSHOW FIELDS FROM `page_parts`[0m
  [4;36;1mSQL (2.0ms)[0m   [0;1mdescribe `page_parts`[0m
  [4;35;1mSQL (0.3ms)[0m   [0mSHOW KEYS FROM `page_parts`[0m
  [4;36;1mSQL (1.9ms)[0m   [0;1mSHOW FIELDS FROM `pages`[0m
  [4;35;1mSQL (1.8ms)[0m   [0mdescribe `pages`[0m
  [4;36;1mSQL (0.4ms)[0m   [0;1mSHOW KEYS FROM `pages`[0m
  [4;35;1mSQL (1.6ms)[0m   [0mSHOW FIELDS FROM `sessions`[0m
  [4;36;1mSQL (1.4ms)[0m   [0;1mdescribe `sessions`[0m
  [4;35;1mSQL (0.3ms)[0m   [0mSHOW KEYS FROM `sessions`[0m
  [4;36;1mSQL (1.5ms)[0m   [0;1mSHOW FIELDS FROM `snippets`[0m
  [4;35;1mSQL (1.6ms)[0m   [0mdescribe `snippets`[0m
  [4;36;1mSQL (0.3ms)[0m   [0;1mSHOW KEYS FROM `snippets`[0m
  [4;35;1mSQL (1.4ms)[0m   [0mSHOW FIELDS FROM `users`[0m
  [4;36;1mSQL (1.7ms)[0m   [0;1mdescribe `users`[0m
  [4;35;1mSQL (0.3ms)[0m   [0mSHOW KEYS FROM `users`[0m
  [4;36;1mSQL (0.6ms)[0m   [0;1mSHOW TABLES[0m
  [4;35;1mSQL (0.2ms)[0m   [0mSELECT version FROM schema_migrations[0m
  [4;36;1mSQL (0.5ms)[0m   [0;1mSHOW TABLES[0m
  [4;35;1mSQL (1.4ms)[0m   [0mSHOW FIELDS FROM `config`[0m
  [4;36;1mSQL (1.3ms)[0m   [0;1mdescribe `config`[0m
  [4;35;1mSQL (0.3ms)[0m   [0mSHOW KEYS FROM `config`[0m
  [4;36;1mSQL (1.3ms)[0m   [0;1mSHOW FIELDS FROM `extension_meta`[0m
  [4;35;1mSQL (1.1ms)[0m   [0mdescribe `extension_meta`[0m
  [4;36;1mSQL (0.2ms)[0m   [0;1mSHOW KEYS FROM `extension_meta`[0m
  [4;35;1mSQL (1.5ms)[0m   [0mSHOW FIELDS FROM `layouts`[0m
  [4;36;1mSQL (1.5ms)[0m   [0;1mdescribe `layouts`[0m
  [4;35;1mSQL (0.2ms)[0m   [0mSHOW KEYS FROM `layouts`[0m
  [4;36;1mSQL (1.6ms)[0m   [0;1mSHOW FIELDS FROM `page_parts`[0m
  [4;35;1mSQL (1.5ms)[0m   [0mdescribe `page_parts`[0m
  [4;36;1mSQL (0.3ms)[0m   [0;1mSHOW KEYS FROM `page_parts`[0m
  [4;35;1mSQL (1.8ms)[0m   [0mSHOW FIELDS FROM `pages`[0m
  [4;36;1mSQL (1.5ms)[0m   [0;1mdescribe `pages`[0m
  [4;35;1mSQL (0.4ms)[0m   [0mSHOW KEYS FROM `pages`[0m
  [4;36;1mSQL (1.6ms)[0m   [0;1mSHOW FIELDS FROM `sessions`[0m
  [4;35;1mSQL (1.3ms)[0m   [0mdescribe `sessions`[0m
  [4;36;1mSQL (0.3ms)[0m   [0;1mSHOW KEYS FROM `sessions`[0m
  [4;35;1mSQL (1.5ms)[0m   [0mSHOW FIELDS FROM `snippets`[0m
  [4;36;1mSQL (1.9ms)[0m   [0;1mdescribe `snippets`[0m
  [4;35;1mSQL (0.3ms)[0m   [0mSHOW KEYS FROM `snippets`[0m
  [4;36;1mSQL (1.8ms)[0m   [0;1mSHOW FIELDS FROM `users`[0m
  [4;35;1mSQL (1.8ms)[0m   [0mdescribe `users`[0m
  [4;36;1mSQL (0.3ms)[0m   [0;1mSHOW KEYS FROM `users`[0m
  [4;35;1mSQL (0.6ms)[0m   [0mSHOW TABLES[0m
  [4;36;1mSQL (0.2ms)[0m   [0;1mSELECT version FROM schema_migrations[0m
  [4;35;1mSQL (0.5ms)[0m   [0mSHOW TABLES[0m
  [4;36;1mSQL (1.4ms)[0m   [0;1mSHOW FIELDS FROM `config`[0m
  [4;35;1mSQL (1.3ms)[0m   [0mdescribe `config`[0m
  [4;36;1mSQL (0.3ms)[0m   [0;1mSHOW KEYS FROM `config`[0m
  [4;35;1mSQL (1.4ms)[0m   [0mSHOW FIELDS FROM `extension_meta`[0m
  [4;36;1mSQL (1.4ms)[0m   [0;1mdescribe `extension_meta`[0m
  [4;35;1mSQL (0.3ms)[0m   [0mSHOW KEYS FROM `extension_meta`[0m
  [4;36;1mSQL (1.5ms)[0m   [0;1mSHOW FIELDS FROM `layouts`[0m
  [4;35;1mSQL (1.5ms)[0m   [0mdescribe `layouts`[0m
  [4;36;1mSQL (0.3ms)[0m   [0;1mSHOW KEYS FROM `layouts`[0m
  [4;35;1mSQL (1.6ms)[0m   [0mSHOW FIELDS FROM `page_parts`[0m
  [4;36;1mSQL (1.4ms)[0m   [0;1mdescribe `page_parts`[0m
  [4;35;1mSQL (0.3ms)[0m   [0mSHOW KEYS FROM `page_parts`[0m
  [4;36;1mSQL (1.8ms)[0m   [0;1mSHOW FIELDS FROM `pages`[0m
  [4;35;1mSQL (1.9ms)[0m   [0mdescribe `pages`[0m
  [4;36;1mSQL (0.4ms)[0m   [0;1mSHOW KEYS FROM `pages`[0m
  [4;35;1mSQL (1.4ms)[0m   [0mSHOW FIELDS FROM `sessions`[0m
  [4;36;1mSQL (1.3ms)[0m   [0;1mdescribe `sessions`[0m
  [4;35;1mSQL (0.3ms)[0m   [0mSHOW KEYS FROM `sessions`[0m
  [4;36;1mSQL (1.5ms)[0m   [0;1mSHOW FIELDS FROM `snippets`[0m
  [4;35;1mSQL (2.0ms)[0m   [0mdescribe `snippets`[0m
  [4;36;1mSQL (0.3ms)[0m   [0;1mSHOW KEYS FROM `snippets`[0m
  [4;35;1mSQL (1.7ms)[0m   [0mSHOW FIELDS FROM `users`[0m
  [4;36;1mSQL (1.5ms)[0m   [0;1mdescribe `users`[0m
  [4;35;1mSQL (0.3ms)[0m   [0mSHOW KEYS FROM `users`[0m
  [4;36;1mUser Columns (2.4ms)[0m   [0;1mSHOW FIELDS FROM `users`[0m
  [4;35;1mUser Load (0.4ms)[0m   [0mSELECT * FROM `users` WHERE (`users`.`login` = 'admin') ORDER BY name LIMIT 1[0m
  [4;36;1mSQL (0.2ms)[0m   [0;1mBEGIN[0m
  [4;35;1mUser Load (356.6ms)[0m   [0mSELECT `users`.id FROM `users` WHERE (`users`.`login` = BINARY 'admin') LIMIT 1[0m
  [4;36;1mUser Create (0.4ms)[0m   [0;1mINSERT INTO `users` (`name`, `updated_by_id`, `salt`, `session_token`, `created_at`, `developer`, `updated_at`, `created_by_id`, `notes`, `admin`, `lock_version`, `login`, `password`, `email`) VALUES('Administrator', NULL, 'ae270a5df6016037cce511bbeab5ba2a4c5ff87d', NULL, '2009-10-23 00:34:27', 0, '2009-10-23 00:34:27', NULL, NULL, 1, 0, 'admin', '9ada647917ad14a4f69716df8b252f00bb818b09', NULL)[0m
  [4;35;1mSQL (0.7ms)[0m   [0mCOMMIT[0m
  [4;36;1mSQL (0.7ms)[0m   [0;1mSHOW TABLES[0m
  [4;35;1mRadiant::Config Load (0.3ms)[0m   [0mSELECT * FROM `config` WHERE (`config`.`key` = 'admin.title') LIMIT 1[0m
  [4;36;1mSQL (0.1ms)[0m   [0;1mBEGIN[0m
  [4;35;1mRadiant::Config Create (0.2ms)[0m   [0mINSERT INTO `config` (`value`, `key`) VALUES('Radiant CMS', 'admin.title')[0m
Cache write: Radiant.cache_file
  [4;36;1mRadiant::Config Load (0.2ms)[0m   [0;1mSELECT * FROM `config` [0m
Cache write: Radiant::Config
Cache read: Radiant.cache_file
Cache write: Radiant.cache_mtime
  [4;35;1mSQL (0.7ms)[0m   [0mCOMMIT[0m
  [4;36;1mSQL (0.6ms)[0m   [0;1mSHOW TABLES[0m
  [4;35;1mRadiant::Config Load (0.2ms)[0m   [0mSELECT * FROM `config` WHERE (`config`.`key` = 'admin.subtitle') LIMIT 1[0m
  [4;36;1mSQL (0.1ms)[0m   [0;1mBEGIN[0m
  [4;35;1mRadiant::Config Create (0.2ms)[0m   [0mINSERT INTO `config` (`value`, `key`) VALUES('Publishing for Small Teams', 'admin.subtitle')[0m
Cache write: Radiant.cache_file
  [4;36;1mRadiant::Config Load (0.2ms)[0m   [0;1mSELECT * FROM `config` [0m
Cache write: Radiant::Config
Cache read: Radiant.cache_file
Cache write: Radiant.cache_mtime
  [4;35;1mSQL (0.6ms)[0m   [0mCOMMIT[0m
  [4;36;1mSQL (0.6ms)[0m   [0;1mSHOW TABLES[0m
  [4;35;1mRadiant::Config Load (0.2ms)[0m   [0mSELECT * FROM `config` WHERE (`config`.`key` = 'defaults.page.parts') LIMIT 1[0m
  [4;36;1mSQL (0.1ms)[0m   [0;1mBEGIN[0m
  [4;35;1mRadiant::Config Create (0.2ms)[0m   [0mINSERT INTO `config` (`value`, `key`) VALUES('body, extended', 'defaults.page.parts')[0m
Cache write: Radiant.cache_file
  [4;36;1mRadiant::Config Load (0.2ms)[0m   [0;1mSELECT * FROM `config` [0m
Cache write: Radiant::Config
Cache read: Radiant.cache_file
Cache write: Radiant.cache_mtime
  [4;35;1mSQL (0.9ms)[0m   [0mCOMMIT[0m
  [4;36;1mSQL (0.8ms)[0m   [0;1mSHOW TABLES[0m
  [4;35;1mRadiant::Config Load (0.2ms)[0m   [0mSELECT * FROM `config` WHERE (`config`.`key` = 'defaults.page.status') LIMIT 1[0m
  [4;36;1mSQL (0.1ms)[0m   [0;1mBEGIN[0m
  [4;35;1mRadiant::Config Create (0.2ms)[0m   [0mINSERT INTO `config` (`value`, `key`) VALUES('draft', 'defaults.page.status')[0m
Cache write: Radiant.cache_file
  [4;36;1mRadiant::Config Load (0.2ms)[0m   [0;1mSELECT * FROM `config` [0m
Cache write: Radiant::Config
Cache read: Radiant.cache_file
Cache write: Radiant.cache_mtime
  [4;35;1mSQL (0.6ms)[0m   [0mCOMMIT[0m
  [4;36;1mSQL (0.5ms)[0m   [0;1mSHOW TABLES[0m
  [4;35;1mRadiant::Config Load (0.2ms)[0m   [0mSELECT * FROM `config` WHERE (`config`.`key` = 'defaults.page.filter') LIMIT 1[0m
  [4;36;1mSQL (0.1ms)[0m   [0;1mBEGIN[0m
  [4;35;1mRadiant::Config Create (0.2ms)[0m   [0mINSERT INTO `config` (`value`, `key`) VALUES('', 'defaults.page.filter')[0m
Cache write: Radiant.cache_file
  [4;36;1mRadiant::Config Load (0.2ms)[0m   [0;1mSELECT * FROM `config` [0m
Cache write: Radiant::Config
Cache read: Radiant.cache_file
Cache write: Radiant.cache_mtime
  [4;35;1mSQL (0.7ms)[0m   [0mCOMMIT[0m
  [4;36;1mSQL (0.6ms)[0m   [0;1mSHOW TABLES[0m
  [4;35;1mRadiant::Config Load (0.2ms)[0m   [0mSELECT * FROM `config` WHERE (`config`.`key` = 'session_timeout') LIMIT 1[0m
  [4;36;1mSQL (0.1ms)[0m   [0;1mBEGIN[0m
  [4;35;1mRadiant::Config Create (0.2ms)[0m   [0mINSERT INTO `config` (`value`, `key`) VALUES('1209600', 'session_timeout')[0m
Cache write: Radiant.cache_file
  [4;36;1mRadiant::Config Load (0.2ms)[0m   [0;1mSELECT * FROM `config` [0m
Cache write: Radiant::Config
Cache read: Radiant.cache_file
Cache write: Radiant.cache_mtime
  [4;35;1mSQL (0.6ms)[0m   [0mCOMMIT[0m
  [4;36;1mSnippet Columns (2.1ms)[0m   [0;1mSHOW FIELDS FROM `snippets`[0m
WARNING: Can't mass-assign these protected attributes: id
  [4;35;1mSQL (0.2ms)[0m   [0mBEGIN[0m
  [4;36;1mSnippet Load (0.3ms)[0m   [0;1mSELECT `snippets`.id FROM `snippets` WHERE (`snippets`.`name` = BINARY 'header') LIMIT 1[0m
  [4;35;1mSnippet Create (0.2ms)[0m   [0mINSERT INTO `snippets` (`name`, `updated_by_id`, `created_at`, `filter_id`, `updated_at`, `created_by_id`, `lock_version`, `content`) VALUES('header', NULL, '2009-10-23 00:34:38', NULL, '2009-10-23 00:34:38', 1, 0, '<div id=\"header\">\n <div id=\"site-title\"><r:if_url matches=\"^/$\">Your Blog Name</r:if_url><r:unless_url matches=\"^/$\"><a href=\"/\">Your Blog Name</a></r:unless_url></div>\n <div id=\"site-subtitle\">a really amusing tag-line here</div>\n</div>\n<hr class=\"hidden\" />\n')[0m
  [4;36;1mSQL (0.6ms)[0m   [0;1mCOMMIT[0m
WARNING: Can't mass-assign these protected attributes: id
  [4;35;1mSQL (0.1ms)[0m   [0mBEGIN[0m
  [4;36;1mSnippet Load (0.2ms)[0m   [0;1mSELECT `snippets`.id FROM `snippets` WHERE (`snippets`.`name` = BINARY 'footer') LIMIT 1[0m
  [4;35;1mSnippet Create (0.2ms)[0m   [0mINSERT INTO `snippets` (`name`, `updated_by_id`, `created_at`, `filter_id`, `updated_at`, `created_by_id`, `lock_version`, `content`) VALUES('footer', NULL, '2009-10-23 00:34:38', NULL, '2009-10-23 00:34:38', 1, 0, '<hr class=\"hidden\" />\n<div id=\"footer\">\n <p>Copyright &copy; <r:date format=\"%Y\" />, Your Name Here. All rights reserved.<br />\n This site is powered by <a href=\"http://radiantcms.org/\">Radiant CMS</a>.</p>\n</div>\n')[0m
  [4;36;1mSQL (0.9ms)[0m   [0;1mCOMMIT[0m
  [4;35;1mPage Columns (2.1ms)[0m   [0mSHOW FIELDS FROM `pages`[0m
WARNING: Can't mass-assign these protected attributes: id
  [4;36;1mSQL (0.1ms)[0m   [0;1mBEGIN[0m
  [4;35;1mPage Load (0.3ms)[0m   [0mSELECT `pages`.id FROM `pages` WHERE (`pages`.`slug` = BINARY '/' AND `pages`.parent_id IS NULL) LIMIT 1[0m
  [4;36;1mPage Create (0.3ms)[0m   [0;1mINSERT INTO `pages` (`slug`, `class_name`, `updated_by_id`, `created_at`, `title`, `virtual`, `updated_at`, `created_by_id`, `lock_version`, `breadcrumb`, `parent_id`, `status_id`, `published_at`, `description`, `layout_id`, `keywords`) VALUES('/', NULL, NULL, '2009-10-23 00:34:38', 'Home Page', 0, '2009-10-23 00:34:38', 1, 0, 'Home', NULL, 100, '2009-10-22 20:34:38', NULL, 1, NULL)[0m
  [4;35;1mSQL (0.6ms)[0m   [0mCOMMIT[0m
WARNING: Can't mass-assign these protected attributes: id
  [4;36;1mSQL (0.1ms)[0m   [0;1mBEGIN[0m
  [4;35;1mPage Load (0.3ms)[0m   [0mSELECT `pages`.id FROM `pages` WHERE (`pages`.`slug` = BINARY 'file-not-found' AND `pages`.parent_id = 1) LIMIT 1[0m
  [4;36;1mFileNotFoundPage Columns (2.1ms)[0m   [0;1mSHOW FIELDS FROM `pages`[0m
  [4;35;1mPage Create (0.3ms)[0m   [0mINSERT INTO `pages` (`slug`, `class_name`, `updated_by_id`, `created_at`, `title`, `virtual`, `updated_at`, `created_by_id`, `lock_version`, `breadcrumb`, `parent_id`, `status_id`, `published_at`, `description`, `layout_id`, `keywords`) VALUES('file-not-found', 'FileNotFoundPage', NULL, '2009-10-23 00:34:38', 'File Not Found', 1, '2009-10-23 00:34:38', 1, 0, 'File Not Found', 1, 100, '2009-10-22 20:34:38', NULL, NULL, NULL)[0m
  [4;36;1mSQL (0.8ms)[0m   [0;1mCOMMIT[0m
WARNING: Can't mass-assign these protected attributes: id
  [4;35;1mSQL (0.1ms)[0m   [0mBEGIN[0m
  [4;36;1mPage Load (0.3ms)[0m   [0;1mSELECT `pages`.id FROM `pages` WHERE (`pages`.`slug` = BINARY 'rss' AND `pages`.parent_id = 1) LIMIT 1[0m
  [4;35;1mPage Create (0.4ms)[0m   [0mINSERT INTO `pages` (`slug`, `class_name`, `updated_by_id`, `created_at`, `title`, `virtual`, `updated_at`, `created_by_id`, `lock_version`, `breadcrumb`, `parent_id`, `status_id`, `published_at`, `description`, `layout_id`, `keywords`) VALUES('rss', NULL, NULL, '2009-10-23 00:34:38', 'RSS Feed', 0, '2009-10-23 00:34:38', 1, 0, 'RSS Feed', 1, 100, '2009-10-22 20:34:38', NULL, 3, NULL)[0m
  [4;36;1mSQL (0.6ms)[0m   [0;1mCOMMIT[0m
WARNING: Can't mass-assign these protected attributes: id
  [4;35;1mSQL (0.1ms)[0m   [0mBEGIN[0m
  [4;36;1mPage Load (0.4ms)[0m   [0;1mSELECT `pages`.id FROM `pages` WHERE (`pages`.`slug` = BINARY 'articles' AND `pages`.parent_id = 1) LIMIT 1[0m
  [4;35;1mArchivePage Columns (2.1ms)[0m   [0mSHOW FIELDS FROM `pages`[0m
  [4;36;1mPage Create (0.3ms)[0m   [0;1mINSERT INTO `pages` (`slug`, `class_name`, `updated_by_id`, `created_at`, `title`, `virtual`, `updated_at`, `created_by_id`, `lock_version`, `breadcrumb`, `parent_id`, `status_id`, `published_at`, `description`, `layout_id`, `keywords`) VALUES('articles', 'ArchivePage', NULL, '2009-10-23 00:34:38', 'Articles', 0, '2009-10-23 00:34:38', 1, 0, 'Articles', 1, 100, '2009-10-22 20:34:38', NULL, NULL, NULL)[0m
  [4;35;1mSQL (0.7ms)[0m   [0mCOMMIT[0m
WARNING: Can't mass-assign these protected attributes: id
  [4;36;1mSQL (0.2ms)[0m   [0;1mBEGIN[0m
  [4;35;1mPage Load (0.3ms)[0m   [0mSELECT `pages`.id FROM `pages` WHERE (`pages`.`slug` = BINARY 'first-post' AND `pages`.parent_id = 4) LIMIT 1[0m
  [4;36;1mPage Create (0.3ms)[0m   [0;1mINSERT INTO `pages` (`slug`, `class_name`, `updated_by_id`, `created_at`, `title`, `virtual`, `updated_at`, `created_by_id`, `lock_version`, `breadcrumb`, `parent_id`, `status_id`, `published_at`, `description`, `layout_id`, `keywords`) VALUES('first-post', NULL, NULL, '2009-10-23 00:34:39', 'First Post', 0, '2009-10-23 00:34:39', 1, 0, 'First Post', 4, 100, '2006-06-09 00:00:00', NULL, NULL, NULL)[0m
  [4;35;1mSQL (0.6ms)[0m   [0mCOMMIT[0m
WARNING: Can't mass-assign these protected attributes: id
  [4;36;1mSQL (0.1ms)[0m   [0;1mBEGIN[0m
  [4;35;1mPage Load (0.3ms)[0m   [0mSELECT `pages`.id FROM `pages` WHERE (`pages`.`slug` = BINARY 'second-post' AND `pages`.parent_id = 4) LIMIT 1[0m
  [4;36;1mPage Create (0.3ms)[0m   [0;1mINSERT INTO `pages` (`slug`, `class_name`, `updated_by_id`, `created_at`, `title`, `virtual`, `updated_at`, `created_by_id`, `lock_version`, `breadcrumb`, `parent_id`, `status_id`, `published_at`, `description`, `layout_id`, `keywords`) VALUES('second-post', NULL, NULL, '2009-10-23 00:34:39', 'Second Post', 0, '2009-10-23 00:34:39', 1, 0, 'Second Post', 4, 100, '2006-06-10 00:00:00', NULL, NULL, NULL)[0m
  [4;35;1mSQL (0.6ms)[0m   [0mCOMMIT[0m
WARNING: Can't mass-assign these protected attributes: id
  [4;36;1mSQL (0.1ms)[0m   [0;1mBEGIN[0m
  [4;35;1mPage Load (0.4ms)[0m   [0mSELECT `pages`.id FROM `pages` WHERE (`pages`.`slug` = BINARY 'styles.css' AND `pages`.parent_id = 1) LIMIT 1[0m
  [4;36;1mPage Create (0.3ms)[0m   [0;1mINSERT INTO `pages` (`slug`, `class_name`, `updated_by_id`, `created_at`, `title`, `virtual`, `updated_at`, `created_by_id`, `lock_version`, `breadcrumb`, `parent_id`, `status_id`, `published_at`, `description`, `layout_id`, `keywords`) VALUES('styles.css', NULL, NULL, '2009-10-23 00:34:39', 'Styles', 0, '2009-10-23 00:34:39', 1, 0, 'Styles', 1, 100, '2009-10-22 20:34:39', NULL, 2, NULL)[0m
  [4;35;1mSQL (0.6ms)[0m   [0mCOMMIT[0m
WARNING: Can't mass-assign these protected attributes: id
  [4;36;1mSQL (0.1ms)[0m   [0;1mBEGIN[0m
  [4;35;1mPage Load (0.3ms)[0m   [0mSELECT `pages`.id FROM `pages` WHERE (`pages`.`slug` = BINARY 'third-post' AND `pages`.parent_id = 4) LIMIT 1[0m
  [4;36;1mPage Create (0.3ms)[0m   [0;1mINSERT INTO `pages` (`slug`, `class_name`, `updated_by_id`, `created_at`, `title`, `virtual`, `updated_at`, `created_by_id`, `lock_version`, `breadcrumb`, `parent_id`, `status_id`, `published_at`, `description`, `layout_id`, `keywords`) VALUES('third-post', NULL, NULL, '2009-10-23 00:34:39', 'Third Post', 0, '2009-10-23 00:34:39', 1, 0, 'Third Post', 4, 100, '2009-10-22 20:34:39', NULL, NULL, NULL)[0m
  [4;35;1mSQL (0.6ms)[0m   [0mCOMMIT[0m
WARNING: Can't mass-assign these protected attributes: id
  [4;36;1mSQL (0.1ms)[0m   [0;1mBEGIN[0m
  [4;35;1mPage Load (0.3ms)[0m   [0mSELECT `pages`.id FROM `pages` WHERE (`pages`.`slug` = BINARY 'about' AND `pages`.parent_id = 1) LIMIT 1[0m
  [4;36;1mPage Create (0.3ms)[0m   [0;1mINSERT INTO `pages` (`slug`, `class_name`, `updated_by_id`, `created_at`, `title`, `virtual`, `updated_at`, `created_by_id`, `lock_version`, `breadcrumb`, `parent_id`, `status_id`, `published_at`, `description`, `layout_id`, `keywords`) VALUES('about', NULL, NULL, '2009-10-23 00:34:39', 'About', 0, '2009-10-23 00:34:39', 1, 0, 'About', 1, 100, '2009-10-22 20:34:39', NULL, NULL, NULL)[0m
  [4;35;1mSQL (0.6ms)[0m   [0mCOMMIT[0m
WARNING: Can't mass-assign these protected attributes: id
  [4;36;1mSQL (0.1ms)[0m   [0;1mBEGIN[0m
  [4;35;1mPage Load (0.3ms)[0m   [0mSELECT `pages`.id FROM `pages` WHERE (`pages`.`slug` = BINARY 'monthly-archives' AND `pages`.parent_id = 4) LIMIT 1[0m
  [4;36;1mArchiveMonthIndexPage Columns (2.1ms)[0m   [0;1mSHOW FIELDS FROM `pages`[0m
  [4;35;1mPage Create (0.3ms)[0m   [0mINSERT INTO `pages` (`slug`, `class_name`, `updated_by_id`, `created_at`, `title`, `virtual`, `updated_at`, `created_by_id`, `lock_version`, `breadcrumb`, `parent_id`, `status_id`, `published_at`, `description`, `layout_id`, `keywords`) VALUES('monthly-archives', 'ArchiveMonthIndexPage', NULL, '2009-10-23 00:34:39', '%B %Y Archives', 1, '2009-10-23 00:34:39', 1, 0, 'Monthly Archives', 4, 100, '2009-10-22 20:34:39', NULL, NULL, NULL)[0m
  [4;36;1mSQL (1.3ms)[0m   [0;1mCOMMIT[0m
  [4;35;1mLayout Columns (1.7ms)[0m   [0mSHOW FIELDS FROM `layouts`[0m
WARNING: Can't mass-assign these protected attributes: id
  [4;36;1mSQL (0.1ms)[0m   [0;1mBEGIN[0m
  [4;35;1mLayout Load (0.5ms)[0m   [0mSELECT `layouts`.id FROM `layouts` WHERE (`layouts`.`name` = BINARY 'Normal') LIMIT 1[0m
  [4;36;1mLayout Create (0.2ms)[0m   [0;1mINSERT INTO `layouts` (`name`, `updated_by_id`, `created_at`, `content_type`, `updated_at`, `created_by_id`, `lock_version`, `content`) VALUES('Normal', NULL, '2009-10-23 00:34:39', NULL, '2009-10-23 00:34:39', 1, 0, '<!DOCTYPE html PUBLIC \"-//W3C//DTD XHTML 1.1//EN\"\n \"http://www.w3.org/TR/xhtml11/DTD/xhtml11.dtd\">\n<html>\n <head>\n <title><r:title /></title>\n <link href=\"/rss/\" rel=\"alternate\" title=\"RSS\" type=\"application/rss+xml\" />\n <link rel=\"stylesheet\" type=\"text/css\" href=\"/styles.css\" />\n </head>\n <body>\n <div id=\"page\">\n <r:snippet name=\"header\" />\n <div id=\"main\">\n <div id=\"content-wrapper\">\n <div id=\"content\">\n <r:unless_url matches=\"^/$\"><h1><r:title /></h1></r:unless_url>\n <r:content />\n <r:if_content part=\"extended\">\n <div id=\"extended\">\n <r:content part=\"extended\" />\n </div>\n </r:if_content>\n <r:if_url matches=\"^/articles/\\d{4}/\\d{2}/\\d{2}/.+\"><r:unless_url matches=\"-archives/$\"><p class=\"info\">Posted by <r:author /> on <r:date /></p></r:unless_url></r:if_url>\n </div>\n </div>\n <div id=\"sidebar-wrapper\">\n <div id=\"sidebar\">\n <r:content part=\"sidebar\" inherit=\"true\" />\n </div>\n </div>\n </div>\n <r:snippet name=\"footer\" />\n </div>\n </body>\n</html>\n')[0m
  [4;35;1mSQL (0.6ms)[0m   [0mCOMMIT[0m
WARNING: Can't mass-assign these protected attributes: id
  [4;36;1mSQL (0.1ms)[0m   [0;1mBEGIN[0m
  [4;35;1mLayout Load (0.2ms)[0m   [0mSELECT `layouts`.id FROM `layouts` WHERE (`layouts`.`name` = BINARY 'Stylesheet') LIMIT 1[0m
  [4;36;1mLayout Create (0.2ms)[0m   [0;1mINSERT INTO `layouts` (`name`, `updated_by_id`, `created_at`, `content_type`, `updated_at`, `created_by_id`, `lock_version`, `content`) VALUES('Stylesheet', NULL, '2009-10-23 00:34:39', 'text/css', '2009-10-23 00:34:39', 1, 0, '<r:content />\n')[0m
  [4;35;1mSQL (0.7ms)[0m   [0mCOMMIT[0m
WARNING: Can't mass-assign these protected attributes: id
  [4;36;1mSQL (0.1ms)[0m   [0;1mBEGIN[0m
  [4;35;1mLayout Load (0.2ms)[0m   [0mSELECT `layouts`.id FROM `layouts` WHERE (`layouts`.`name` = BINARY 'XML Feed') LIMIT 1[0m
  [4;36;1mLayout Create (0.3ms)[0m   [0;1mINSERT INTO `layouts` (`name`, `updated_by_id`, `created_at`, `content_type`, `updated_at`, `created_by_id`, `lock_version`, `content`) VALUES('XML Feed', NULL, '2009-10-23 00:34:39', 'text/xml', '2009-10-23 00:34:39', 1, 0, '<r:content />\n')[0m
  [4;35;1mSQL (0.5ms)[0m   [0mCOMMIT[0m
  [4;36;1mPagePart Columns (1.6ms)[0m   [0;1mSHOW FIELDS FROM `page_parts`[0m
WARNING: Can't mass-assign these protected attributes: id
  [4;35;1mSQL (0.6ms)[0m   [0mSHOW TABLES[0m
Cache read: Radiant.cache_file
Cache read: Radiant.cache_file
Cache read: Radiant.cache_file
Cache read: Radiant.cache_file
Cache read: Radiant.cache_mtime
Cache read: Radiant.cache_file
Cache read: Radiant::Config
  [4;36;1mSQL (0.1ms)[0m   [0;1mBEGIN[0m
  [4;35;1mPagePart Create (0.2ms)[0m   [0mINSERT INTO `page_parts` (`name`, `filter_id`, `page_id`, `content`) VALUES('body', '', 1, '<r:find url=\"/articles/\">\n\n<r:children:each limit=\"1\" order=\"desc\">\n<div class=\"first entry\">\n <h3><r:link /></h3>\n <r:content />\n <r:if_content part=\"extended\"><r:link anchor=\"extended\">Continue Reading&#8230;</r:link></r:if_content>\n <p class=\"info\">Posted by <r:author /> on <r:date format=\"%b %d, %Y\" /></p>\n</div>\n</r:children:each>\n\n<r:children:each limit=\"4\" offset=\"1\" order=\"desc\">\n<div class=\"entry\">\n <h3><r:link /></h3>\n <r:content />\n <r:if_content part=\"extended\"><r:link anchor=\"extended\">Continue Reading&#8230;</r:link></r:if_content>\n <p class=\"info\">Posted by <r:author /> on <r:date format=\"%b %d, %Y\" /></p>\n</div>\n</r:children:each>\n\n</r:find>\n')[0m
  [4;36;1mSQL (0.6ms)[0m   [0;1mCOMMIT[0m
WARNING: Can't mass-assign these protected attributes: id
  [4;35;1mSQL (0.1ms)[0m   [0mBEGIN[0m
  [4;36;1mPagePart Create (0.2ms)[0m   [0;1mINSERT INTO `page_parts` (`name`, `filter_id`, `page_id`, `content`) VALUES('body', 'Textile', 2, 'The file you were looking for could not be found.\n\nAttempted URL: @<r:attempted_url />@\n\nIt is possible that you typed the URL incorrectly or that you clicked on a bad link.\n\n\"<< Back to Home Page\":/\n')[0m
  [4;35;1mSQL (0.6ms)[0m   [0mCOMMIT[0m
WARNING: Can't mass-assign these protected attributes: id
  [4;36;1mSQL (0.6ms)[0m   [0;1mSHOW TABLES[0m
Cache read: Radiant.cache_file
Cache read: Radiant.cache_file
Cache read: Radiant.cache_file
Cache read: Radiant.cache_file
Cache read: Radiant.cache_mtime
Cache read: Radiant.cache_file
Cache read: Radiant::Config
  [4;35;1mSQL (0.1ms)[0m   [0mBEGIN[0m
  [4;36;1mPagePart Create (0.2ms)[0m   [0;1mINSERT INTO `page_parts` (`name`, `filter_id`, `page_id`, `content`) VALUES('body', '', 3, '<?xml version=\"1.0\" encoding=\"UTF-8\"?>\n<rss version=\"2.0\" xmlns:dc=\"http://purl.org/dc/elements/1.1/\">\n <channel>\n <title>Article RSS Feed</title>\n <link>http://your-web-site.com<r:url /></link>\n <language>en-us</language>\n <ttl>40</ttl>\n <description>The main blog feed for my Web site.</description>\n <r:find url=\"/articles/\">\n <r:children:each limit=\"10\" order=\"desc\">\n <item>\n <title><r:title /></title>\n <description><r:escape_html><r:content /></r:escape_html></description>\n <pubDate><r:rfc1123_date /></pubDate>\n <guid>http://your-web-site.com<r:url /></guid>\n <link>http://your-web-site.com<r:url /></link>\n </item>\n </r:children:each>\n </r:find>\n </channel>\n</rss>\n')[0m
  [4;35;1mSQL (1.0ms)[0m   [0mCOMMIT[0m
WARNING: Can't mass-assign these protected attributes: id
  [4;36;1mSQL (0.6ms)[0m   [0;1mSHOW TABLES[0m
Cache read: Radiant.cache_file
Cache read: Radiant.cache_file
Cache read: Radiant.cache_file
Cache read: Radiant.cache_file
Cache read: Radiant.cache_mtime
Cache read: Radiant.cache_file
Cache read: Radiant::Config
  [4;35;1mSQL (0.1ms)[0m   [0mBEGIN[0m
  [4;36;1mPagePart Create (0.2ms)[0m   [0;1mINSERT INTO `page_parts` (`name`, `filter_id`, `page_id`, `content`) VALUES('body', '', 4, '<r:children:each limit=\"5\" order=\"desc\">\n<div class=\"entry\">\n <h3><r:link /></h3>\n <r:content />\n <r:if_content part=\"extended\"><r:link anchor=\"extended\">Continue Reading&#8230;</r:link></r:if_content>\n <p class=\"info\">Posted by <r:author /> on <r:date format=\"%b %d, %Y\" /></p>\n</div>\n</r:children:each>')[0m
  [4;35;1mSQL (0.6ms)[0m   [0mCOMMIT[0m
WARNING: Can't mass-assign these protected attributes: id
  [4;36;1mSQL (0.1ms)[0m   [0;1mBEGIN[0m
  [4;35;1mPagePart Create (0.2ms)[0m   [0mINSERT INTO `page_parts` (`name`, `filter_id`, `page_id`, `content`) VALUES('body', 'Textile', 5, 'This post uses \"textile\":http://www.textism.com/tools/textile/.\n')[0m
  [4;36;1mSQL (0.6ms)[0m   [0;1mCOMMIT[0m
WARNING: Can't mass-assign these protected attributes: id
  [4;35;1mSQL (0.1ms)[0m   [0mBEGIN[0m
  [4;36;1mPagePart Create (0.2ms)[0m   [0;1mINSERT INTO `page_parts` (`name`, `filter_id`, `page_id`, `content`) VALUES('body', 'Markdown', 6, 'This post uses **Markdown**.\n')[0m
  [4;35;1mSQL (0.5ms)[0m   [0mCOMMIT[0m
WARNING: Can't mass-assign these protected attributes: id
  [4;36;1mSQL (0.5ms)[0m   [0;1mSHOW TABLES[0m
Cache read: Radiant.cache_file
Cache read: Radiant.cache_file
Cache read: Radiant.cache_file
Cache read: Radiant.cache_file
Cache read: Radiant.cache_mtime
Cache read: Radiant.cache_file
Cache read: Radiant::Config
  [4;35;1mSQL (0.1ms)[0m   [0mBEGIN[0m
  [4;36;1mPagePart Create (0.2ms)[0m   [0;1mINSERT INTO `page_parts` (`name`, `filter_id`, `page_id`, `content`) VALUES('body', '', 7, 'a {\n color: #3256B6;\n}\na:visited {\n color: #cc9;\n}\na:hover, a:visited:hover {\n color: #e00;\n text-decoration: none;\n}\nbody {\n background-color: #041a61;\n font-family: Verdana, Arial, Helvetica, sans-serif;\n font-size: 80%;\n padding: 0;\n margin: 0;\n text-align: center;\n}\nh1 {\n font-family: \"Trebuchet MS\", Verdana, Arial, Helvetica, sans-serif;\n font-size: 250%;\n font-weight: normal;\n}\nh3 {\n color: #999;\n font-family: \"Trebuchet MS\", Verdana, Arial, Helvetica, sans-serif;\n font-size: 180%;\n font-weight: normal;\n margin-top: 1.5em;\n margin-bottom: .5em;\n}\n.hidden {\n display: none;\n}\n.clear {\n clear: both;\n}\n#page {\n margin-left: auto;\n margin-right: auto;\n width: 730px;\n text-align: left;\n}\n#header {\n background-color: #4f57c5;\n border-bottom: 4px solid #fc0;\n color: white;\n font-family: \"Trebuchet MS\", Verdana, Arial, Helvetica, sans-serif;\n padding: 0;\n padding-top: 30px;\n padding-bottom: 30px;\n text-align: center;\n}\n#site-title {\n color: white;\n font-size: 325%;\n}\n#site-title a, #site-title a:visited {\n color: white;\n text-decoration: none;\n}\n#site-title a:hover, #site-title a:hover {\n color: white;\n text-decoration: underline;\n}\n#site-subtitle {\n font-style: italic;\n letter-spacing: 2px;\n text-transform: lowercase;\n}\n#main {\n background-color: white;\n border-bottom: 4px solid #fc0;\n float: left;\n width: 100%;\n}\n#content-wrapper {\n float: left;\n width: 500px;\n}\n#content {\n padding: 25px;\n border-right: 1px dotted #a3a39c;\n}\n#content h1 {\n margin-top: 0;\n}\n#content h3 a {\n border-bottom: 1px dotted #a3a39c;\n display: block;\n padding-bottom: 2px;\n text-decoration: none;\n}\n#content p {\n line-height: 160%;\n}\n#content .info {\n color: #b0af99;\n font-size: 80%;\n margin-top: 1.5em;\n}\n#content .entry .info {\n margin-top: 1em;\n}\n#content .first.entry {\n background-color: #f7f3e8;\n margin: -25px;\n margin-bottom: 0;\n padding: 25px;\n}\n#content .first.entry h3 {\n margin-top: 0.25em;\n}\n#sidebar-wrapper {\n float: right;\n width: 225px;\n}\n#sidebar {\n font-size: 90%;\n padding: 15px;\n padding-top: 0px;\n}\n#sidebar h3 {\n font-size: 160%;\n}\n#sidebar p {\n line-height: 140%;\n}\n#sidebar ul {\n margin-left: 1.5em;\n padding: 0;\n}\n#sidebar li {\n margin-bottom: .25em;\n}\n#footer {\n color: #818cb0;\n float: left;\n font-size: 90%;\n padding-top: 1px;\n padding-bottom: 20px;\n width: 100%;\n}')[0m
  [4;35;1mSQL (0.4ms)[0m   [0mCOMMIT[0m
WARNING: Can't mass-assign these protected attributes: id
  [4;36;1mSQL (0.1ms)[0m   [0;1mBEGIN[0m
  [4;35;1mPagePart Create (0.2ms)[0m   [0mINSERT INTO `page_parts` (`name`, `filter_id`, `page_id`, `content`) VALUES('sidebar', 'Textile', 1, 'h3. About Me\n\nI\'m just a demonstration of how easy it is to use Radiant to power a blog. \"More...\":/about/\n\nh3. Favorite Sites\n\n* \"Radiant CMS\":http://radiantcms.org\n* \"Ruby-Lang\":http://ruby-lang.org\n* \"Wiseheart Design\":http://wiseheartdesign.com\n* \"AVLUX Hosting\":http://avlux.net\n\nh3. Recent Entries\n<r:if_url matches=\"^/$\">\n<r:find url=\"/articles/\"><r:children:each limit=\"10\" offset=\"5\" order=\"desc\">\n* <r:link /></r:children:each></r:find>\n</r:if_url>\n<r:unless_url matches=\"^/$\">\n<r:find url=\"/articles/\"><r:children:each limit=\"10\" order=\"desc\">\n* <r:link /></r:children:each></r:find>\n</r:unless_url>\n\n\"Archives...\":/articles/\n\nh3. Syndicate\n\n\"Articles RSS Feed\":/rss/')[0m
  [4;36;1mSQL (0.9ms)[0m   [0;1mCOMMIT[0m
WARNING: Can't mass-assign these protected attributes: id
  [4;35;1mSQL (0.6ms)[0m   [0mSHOW TABLES[0m
Cache read: Radiant.cache_file
Cache read: Radiant.cache_file
Cache read: Radiant.cache_file
Cache read: Radiant.cache_file
Cache read: Radiant.cache_mtime
Cache read: Radiant.cache_file
Cache read: Radiant::Config
  [4;36;1mSQL (0.1ms)[0m   [0;1mBEGIN[0m
  [4;35;1mPagePart Create (0.2ms)[0m   [0mINSERT INTO `page_parts` (`name`, `filter_id`, `page_id`, `content`) VALUES('body', '', 8, 'This is the third post.')[0m
  [4;36;1mSQL (0.6ms)[0m   [0;1mCOMMIT[0m
WARNING: Can't mass-assign these protected attributes: id
  [4;35;1mSQL (0.1ms)[0m   [0mBEGIN[0m
  [4;36;1mPagePart Create (0.2ms)[0m   [0;1mINSERT INTO `page_parts` (`name`, `filter_id`, `page_id`, `content`) VALUES('body', 'Textile', 9, 'This is just an example of how Radiant can be used to power a Weblog.')[0m
  [4;35;1mSQL (0.6ms)[0m   [0mCOMMIT[0m
WARNING: Can't mass-assign these protected attributes: id
  [4;36;1mSQL (0.1ms)[0m   [0;1mBEGIN[0m
  [4;35;1mPagePart Create (0.1ms)[0m   [0mINSERT INTO `page_parts` (`name`, `filter_id`, `page_id`, `content`) VALUES('sidebar', 'Textile', 9, 'h3. Contact Me\n\nList your contact information here.')[0m
  [4;36;1mSQL (0.6ms)[0m   [0;1mCOMMIT[0m
WARNING: Can't mass-assign these protected attributes: id
  [4;35;1mSQL (0.6ms)[0m   [0mSHOW TABLES[0m
Cache read: Radiant.cache_file
Cache read: Radiant.cache_file
Cache read: Radiant.cache_file
Cache read: Radiant.cache_file
Cache read: Radiant.cache_mtime
Cache read: Radiant.cache_file
Cache read: Radiant::Config
  [4;36;1mSQL (0.1ms)[0m   [0;1mBEGIN[0m
  [4;35;1mPagePart Create (0.2ms)[0m   [0mINSERT INTO `page_parts` (`name`, `filter_id`, `page_id`, `content`) VALUES('sidebar', '', 4, '<h3>Archives By Month</h3>\n<ul>\n<r:find url=\"/articles/\">\n<r:children:each order=\"desc\">\n<r:header><li><a href=\"<r:date format=\"/articles/%Y/%m/\" />\"><r:date format=\"%B %Y\" /></a></li></r:header>\n</r:children:each>\n</r:find>\n</ul>')[0m
  [4;36;1mSQL (0.6ms)[0m   [0;1mCOMMIT[0m
WARNING: Can't mass-assign these protected attributes: id
  [4;35;1mSQL (0.5ms)[0m   [0mSHOW TABLES[0m
Cache read: Radiant.cache_file
Cache read: Radiant.cache_file
Cache read: Radiant.cache_file
Cache read: Radiant.cache_file
Cache read: Radiant.cache_mtime
Cache read: Radiant.cache_file
Cache read: Radiant::Config
  [4;36;1mSQL (0.1ms)[0m   [0;1mBEGIN[0m
  [4;35;1mPagePart Create (0.2ms)[0m   [0mINSERT INTO `page_parts` (`name`, `filter_id`, `page_id`, `content`) VALUES('body', '', 10, '<r:archive:children:each order=\"desc\">\n<div class=\"entry\">\n <h3><r:link /></h3>\n <r:content />\n <r:if_content part=\"extended\"><r:link anchor=\"extended\">Continue Reading&#8230;</r:link></r:if_content>\n <p class=\"info\">Posted by <r:author /> on <r:date format=\"%b %d, %Y\" /></p>\n</div>\n</r:archive:children:each>')[0m
  [4;36;1mSQL (0.7ms)[0m   [0;1mCOMMIT[0m
